2024-10-09 10:34:40 [TestNG-PoolService-9] INFO  com.compass.stepdefinitions.LoginSteps - Property Category displayed
2024-10-09 10:34:42 [TestNG-PoolService-4] INFO  com.compass.stepdefinitions.LoginSteps - Property Category displayed
2024-10-09 10:34:42 [TestNG-PoolService-3] INFO  com.compass.stepdefinitions.LoginSteps - Vehicles Category displayed
2024-10-09 10:34:43 [TestNG-PoolService-6] INFO  com.compass.stepdefinitions.LoginSteps - Mobile Category displayed
2024-10-09 10:34:44 [TestNG-PoolService-2] INFO  com.compass.stepdefinitions.LoginSteps - Electronics Category displayed
2024-10-09 10:34:44 [TestNG-PoolService-0] INFO  com.compass.stepdefinitions.LoginSteps - Company Logo displayed
2024-10-09 10:34:45 [TestNG-PoolService-7] INFO  com.compass.stepdefinitions.LoginSteps - Electronics Category displayed
2024-10-09 10:34:49 [TestNG-PoolService-5] INFO  com.compass.stepdefinitions.LoginSteps - Company Logo displayed
2024-10-09 10:34:51 [TestNG-PoolService-0] INFO  com.compass.stepdefinitions.LoginSteps - email login displayed
2024-10-09 10:34:59 [TestNG-PoolService-5] INFO  com.compass.stepdefinitions.LoginSteps - email login displayed
2024-10-09 10:35:04 [TestNG-PoolService-7] INFO  com.compass.stepdefinitions.LoginSteps - Electronics product displayed
2024-10-09 10:35:05 [TestNG-PoolService-0] INFO  com.compass.stepdefinitions.LoginSteps - username field displayed
2024-10-09 10:35:06 [TestNG-PoolService-5] INFO  com.compass.stepdefinitions.LoginSteps - username field displayed
2024-10-09 10:35:07 [TestNG-PoolService-9] INFO  com.compass.stepdefinitions.LoginSteps - Property product displayed
2024-10-09 10:35:07 [TestNG-PoolService-3] INFO  com.compass.stepdefinitions.LoginSteps - Vehicles product displayed
2024-10-09 10:35:14 [TestNG-PoolService-8] INFO  com.compass.stepdefinitions.LoginSteps - Vehicles Category displayed
2024-10-09 10:35:20 [TestNG-PoolService-2] INFO  com.compass.stepdefinitions.LoginSteps - Electronics product displayed
2024-10-09 10:35:21 [TestNG-PoolService-4] INFO  com.compass.stepdefinitions.LoginSteps - Property product displayed
2024-10-09 10:35:21 [TestNG-PoolService-6] INFO  com.compass.stepdefinitions.LoginSteps - Mobile product displayed
2024-10-09 10:35:31 [TestNG-PoolService-3] INFO  com.compass.stepdefinitions.LoginSteps - Vehicles Category displayed
2024-10-09 10:35:33 [TestNG-PoolService-0] INFO  com.compass.stepdefinitions.LoginSteps - Property Category displayed
2024-10-09 10:35:34 [TestNG-PoolService-9] INFO  com.compass.stepdefinitions.LoginSteps - Electronics Category displayed
2024-10-09 10:35:34 [TestNG-PoolService-7] INFO  com.compass.stepdefinitions.LoginSteps - Mobile Category displayed
2024-10-09 10:35:36 [TestNG-PoolService-5] INFO  com.compass.stepdefinitions.LoginSteps - Company Logo displayed
2024-10-09 10:35:39 [TestNG-PoolService-8] INFO  com.compass.stepdefinitions.LoginSteps - Vehicles product displayed
2024-10-09 10:35:40 [TestNG-PoolService-1] INFO  com.compass.stepdefinitions.LoginSteps - Mobile Category displayed
2024-10-09 10:35:44 [TestNG-PoolService-5] INFO  com.compass.stepdefinitions.LoginSteps - email login displayed
2024-10-09 10:35:46 [TestNG-PoolService-2] INFO  com.compass.stepdefinitions.LoginSteps - Mobile Category displayed
2024-10-09 10:35:47 [TestNG-PoolService-9] INFO  com.compass.stepdefinitions.LoginSteps - Electronics product displayed
2024-10-09 10:35:50 [TestNG-PoolService-3] INFO  com.compass.stepdefinitions.LoginSteps - Vehicles product displayed
2024-10-09 10:35:50 [TestNG-PoolService-5] INFO  com.compass.stepdefinitions.LoginSteps - username field displayed
2024-10-09 10:36:09 [TestNG-PoolService-7] INFO  com.compass.stepdefinitions.LoginSteps - Mobile product displayed
2024-10-09 10:36:12 [TestNG-PoolService-0] INFO  com.compass.stepdefinitions.LoginSteps - Property product displayed
2024-10-09 10:36:13 [TestNG-PoolService-8] INFO  com.compass.stepdefinitions.LoginSteps - Property Category displayed
2024-10-09 10:36:14 [TestNG-PoolService-4] INFO  com.compass.stepdefinitions.LoginSteps - Vehicles Category displayed
2024-10-09 10:36:16 [TestNG-PoolService-6] INFO  com.compass.stepdefinitions.LoginSteps - Electronics Category displayed
2024-10-09 10:36:19 [TestNG-PoolService-1] INFO  com.compass.stepdefinitions.LoginSteps - Mobile product displayed
2024-10-09 10:36:21 [TestNG-PoolService-2] INFO  com.compass.stepdefinitions.LoginSteps - Mobile product displayed
2024-10-09 10:36:35 [TestNG-PoolService-8] INFO  com.compass.stepdefinitions.LoginSteps - Property product displayed
2024-10-09 10:36:36 [TestNG-PoolService-4] INFO  com.compass.stepdefinitions.LoginSteps - Vehicles product displayed
2024-10-09 10:36:38 [TestNG-PoolService-6] INFO  com.compass.stepdefinitions.LoginSteps - Electronics product displayed
2024-10-09 10:46:04 [TestNG-PoolService-9] INFO  com.compass.stepdefinitions.LoginSteps - Property Category displayed
2024-10-09 10:46:04 [TestNG-PoolService-3] INFO  com.compass.stepdefinitions.LoginSteps - Vehicles Category displayed
2024-10-09 10:46:06 [TestNG-PoolService-0] INFO  com.compass.stepdefinitions.LoginSteps - Company Logo displayed
2024-10-09 10:46:06 [TestNG-PoolService-1] INFO  com.compass.stepdefinitions.LoginSteps - Mobile Category displayed
2024-10-09 10:46:07 [TestNG-PoolService-2] INFO  com.compass.stepdefinitions.LoginSteps - Electronics Category displayed
2024-10-09 10:46:07 [TestNG-PoolService-6] INFO  com.compass.stepdefinitions.LoginSteps - Mobile Category displayed
2024-10-09 10:46:08 [TestNG-PoolService-5] INFO  com.compass.stepdefinitions.LoginSteps - Company Logo displayed
2024-10-09 10:46:09 [TestNG-PoolService-7] INFO  com.compass.stepdefinitions.LoginSteps - Electronics Category displayed
2024-10-09 10:46:12 [TestNG-PoolService-0] INFO  com.compass.stepdefinitions.LoginSteps - email login displayed
2024-10-09 10:46:14 [TestNG-PoolService-5] INFO  com.compass.stepdefinitions.LoginSteps - email login displayed
2024-10-09 10:46:14 [TestNG-PoolService-3] INFO  com.compass.stepdefinitions.LoginSteps - Vehicles product displayed
2024-10-09 10:46:22 [TestNG-PoolService-0] INFO  com.compass.stepdefinitions.LoginSteps - username field displayed
2024-10-09 10:46:22 [TestNG-PoolService-5] INFO  com.compass.stepdefinitions.LoginSteps - username field displayed
2024-10-09 10:46:23 [TestNG-PoolService-6] INFO  com.compass.stepdefinitions.LoginSteps - Mobile product displayed
2024-10-09 10:46:25 [TestNG-PoolService-2] INFO  com.compass.stepdefinitions.LoginSteps - Electronics product displayed
2024-10-09 10:46:26 [TestNG-PoolService-1] INFO  com.compass.stepdefinitions.LoginSteps - Mobile product displayed
2024-10-09 10:46:28 [TestNG-PoolService-9] INFO  com.compass.stepdefinitions.LoginSteps - Property product displayed
2024-10-09 10:46:29 [TestNG-PoolService-7] INFO  com.compass.stepdefinitions.LoginSteps - Electronics product displayed
2024-10-09 10:46:36 [TestNG-PoolService-4] INFO  com.compass.stepdefinitions.LoginSteps - Property Category displayed
2024-10-09 10:46:39 [TestNG-PoolService-3] INFO  com.compass.stepdefinitions.LoginSteps - Mobile Category displayed
2024-10-09 10:46:39 [TestNG-PoolService-8] INFO  com.compass.stepdefinitions.LoginSteps - Company Logo displayed
2024-10-09 10:46:40 [TestNG-PoolService-6] INFO  com.compass.stepdefinitions.LoginSteps - Electronics Category displayed
2024-10-09 10:46:41 [TestNG-PoolService-2] INFO  com.compass.stepdefinitions.LoginSteps - Vehicles Category displayed
2024-10-09 10:46:46 [TestNG-PoolService-8] INFO  com.compass.stepdefinitions.LoginSteps - email login displayed
2024-10-09 10:46:49 [TestNG-PoolService-4] INFO  com.compass.stepdefinitions.LoginSteps - Property product displayed
2024-10-09 10:46:51 [TestNG-PoolService-1] INFO  com.compass.stepdefinitions.LoginSteps - Property Category displayed
2024-10-09 10:46:51 [TestNG-PoolService-2] INFO  com.compass.stepdefinitions.LoginSteps - Vehicles product displayed
2024-10-09 10:46:56 [TestNG-PoolService-8] INFO  com.compass.stepdefinitions.LoginSteps - username field displayed
2024-10-09 10:47:00 [TestNG-PoolService-3] INFO  com.compass.stepdefinitions.LoginSteps - Mobile product displayed
2024-10-09 10:47:03 [TestNG-PoolService-6] INFO  com.compass.stepdefinitions.LoginSteps - Electronics product displayed
2024-10-09 10:47:14 [TestNG-PoolService-0] INFO  com.compass.stepdefinitions.LoginSteps - Property Category displayed
2024-10-09 10:47:16 [TestNG-PoolService-9] INFO  com.compass.stepdefinitions.LoginSteps - Mobile Category displayed
2024-10-09 10:47:16 [TestNG-PoolService-5] INFO  com.compass.stepdefinitions.LoginSteps - Electronics Category displayed
2024-10-09 10:47:16 [TestNG-PoolService-1] INFO  com.compass.stepdefinitions.LoginSteps - Property product displayed
2024-10-09 10:47:18 [TestNG-PoolService-7] INFO  com.compass.stepdefinitions.LoginSteps - Company Logo displayed
2024-10-09 10:47:21 [TestNG-PoolService-2] INFO  com.compass.stepdefinitions.LoginSteps - Vehicles Category displayed
2024-10-09 10:47:25 [TestNG-PoolService-7] INFO  com.compass.stepdefinitions.LoginSteps - email login displayed
2024-10-09 10:47:30 [TestNG-PoolService-5] INFO  com.compass.stepdefinitions.LoginSteps - Electronics product displayed
2024-10-09 10:47:32 [TestNG-PoolService-7] INFO  com.compass.stepdefinitions.LoginSteps - username field displayed
2024-10-09 10:47:32 [TestNG-PoolService-0] INFO  com.compass.stepdefinitions.LoginSteps - Property product displayed
2024-10-09 10:47:35 [TestNG-PoolService-9] INFO  com.compass.stepdefinitions.LoginSteps - Mobile product displayed
2024-10-09 10:47:42 [TestNG-PoolService-2] INFO  com.compass.stepdefinitions.LoginSteps - Vehicles product displayed
2024-10-09 10:54:51 [TestNG-PoolService-8] INFO  com.compass.stepdefinitions.LoginSteps - Vehicles Category displayed
2024-10-09 10:54:52 [TestNG-PoolService-3] INFO  com.compass.stepdefinitions.LoginSteps - Vehicles Category displayed
2024-10-09 10:54:54 [TestNG-PoolService-0] INFO  com.compass.stepdefinitions.LoginSteps - Company Logo displayed
2024-10-09 10:54:55 [TestNG-PoolService-6] INFO  com.compass.stepdefinitions.LoginSteps - Mobile Category displayed
2024-10-09 10:54:55 [TestNG-PoolService-7] INFO  com.compass.stepdefinitions.LoginSteps - Electronics Category displayed
2024-10-09 10:54:55 [TestNG-PoolService-5] INFO  com.compass.stepdefinitions.LoginSteps - Company Logo displayed
2024-10-09 10:54:56 [TestNG-PoolService-1] INFO  com.compass.stepdefinitions.LoginSteps - Mobile Category displayed
2024-10-09 10:54:56 [TestNG-PoolService-2] INFO  com.compass.stepdefinitions.LoginSteps - Electronics Category displayed
2024-10-09 10:55:01 [TestNG-PoolService-0] INFO  com.compass.stepdefinitions.LoginSteps - email login displayed
2024-10-09 10:55:02 [TestNG-PoolService-5] INFO  com.compass.stepdefinitions.LoginSteps - email login displayed
2024-10-09 10:55:09 [TestNG-PoolService-0] INFO  com.compass.stepdefinitions.LoginSteps - username field displayed
2024-10-09 10:55:12 [TestNG-PoolService-5] INFO  com.compass.stepdefinitions.LoginSteps - username field displayed
2024-10-09 10:55:12 [TestNG-PoolService-3] INFO  com.compass.stepdefinitions.LoginSteps - Vehicles product displayed
2024-10-09 10:55:14 [TestNG-PoolService-8] INFO  com.compass.stepdefinitions.LoginSteps - Vehicles product displayed
2024-10-09 10:55:16 [TestNG-PoolService-1] INFO  com.compass.stepdefinitions.LoginSteps - Mobile product displayed
2024-10-09 10:55:26 [TestNG-PoolService-7] INFO  com.compass.stepdefinitions.LoginSteps - Electronics product displayed
2024-10-09 10:55:30 [TestNG-PoolService-2] INFO  com.compass.stepdefinitions.LoginSteps - Electronics product displayed
2024-10-09 10:55:32 [TestNG-PoolService-9] INFO  com.compass.stepdefinitions.LoginSteps - Property Category displayed
2024-10-09 10:55:35 [TestNG-PoolService-4] INFO  com.compass.stepdefinitions.LoginSteps - Property Category displayed
2024-10-09 10:55:35 [TestNG-PoolService-6] INFO  com.compass.stepdefinitions.LoginSteps - Mobile product displayed
2024-10-09 10:55:37 [TestNG-PoolService-3] INFO  com.compass.stepdefinitions.LoginSteps - Company Logo displayed
2024-10-09 10:55:40 [TestNG-PoolService-5] INFO  com.compass.stepdefinitions.LoginSteps - Property Category displayed
2024-10-09 10:55:41 [TestNG-PoolService-8] INFO  com.compass.stepdefinitions.LoginSteps - Mobile Category displayed
2024-10-09 10:55:41 [TestNG-PoolService-1] INFO  com.compass.stepdefinitions.LoginSteps - Electronics Category displayed
2024-10-09 10:55:55 [TestNG-PoolService-0] INFO  com.compass.stepdefinitions.LoginSteps - Vehicles Category displayed
2024-10-09 10:55:59 [TestNG-PoolService-4] INFO  com.compass.stepdefinitions.LoginSteps - Property product displayed
2024-10-09 10:56:01 [TestNG-PoolService-8] INFO  com.compass.stepdefinitions.LoginSteps - Mobile product displayed
2024-10-09 10:56:05 [TestNG-PoolService-5] INFO  com.compass.stepdefinitions.LoginSteps - Property product displayed
2024-10-09 10:56:05 [TestNG-PoolService-9] INFO  com.compass.stepdefinitions.LoginSteps - Property product displayed
2024-10-09 10:56:08 [TestNG-PoolService-1] INFO  com.compass.stepdefinitions.LoginSteps - Electronics product displayed
2024-10-09 10:56:10 [TestNG-PoolService-3] INFO  com.compass.stepdefinitions.LoginSteps - email login displayed
2024-10-09 10:56:13 [TestNG-PoolService-7] INFO  com.compass.stepdefinitions.LoginSteps - Company Logo displayed
2024-10-09 10:56:16 [TestNG-PoolService-3] INFO  com.compass.stepdefinitions.LoginSteps - username field displayed
2024-10-09 10:56:19 [TestNG-PoolService-0] INFO  com.compass.stepdefinitions.LoginSteps - Vehicles product displayed
2024-10-09 10:56:20 [TestNG-PoolService-7] INFO  com.compass.stepdefinitions.LoginSteps - email login displayed
2024-10-09 10:56:22 [TestNG-PoolService-8] INFO  com.compass.stepdefinitions.LoginSteps - Vehicles Category displayed
2024-10-09 10:56:22 [TestNG-PoolService-4] INFO  com.compass.stepdefinitions.LoginSteps - Property Category displayed
2024-10-09 10:56:23 [TestNG-PoolService-6] INFO  com.compass.stepdefinitions.LoginSteps - Electronics Category displayed
2024-10-09 10:56:26 [TestNG-PoolService-2] INFO  com.compass.stepdefinitions.LoginSteps - Mobile Category displayed
2024-10-09 10:56:26 [TestNG-PoolService-7] INFO  com.compass.stepdefinitions.LoginSteps - username field displayed
2024-10-09 10:56:36 [TestNG-PoolService-6] INFO  com.compass.stepdefinitions.LoginSteps - Electronics product displayed
2024-10-09 10:56:46 [TestNG-PoolService-8] INFO  com.compass.stepdefinitions.LoginSteps - Vehicles product displayed
2024-10-09 10:56:46 [TestNG-PoolService-4] INFO  com.compass.stepdefinitions.LoginSteps - Property product displayed
2024-10-09 10:56:48 [TestNG-PoolService-2] INFO  com.compass.stepdefinitions.LoginSteps - Mobile product displayed
2024-10-09 10:57:50 [TestNG-PoolService-5] INFO  com.compass.stepdefinitions.LoginSteps - Company Logo displayed
2024-10-09 10:57:50 [TestNG-PoolService-9] INFO  com.compass.stepdefinitions.LoginSteps - Property Category displayed
2024-10-09 10:57:52 [TestNG-PoolService-3] INFO  com.compass.stepdefinitions.LoginSteps - Vehicles Category displayed
2024-10-09 10:57:55 [TestNG-PoolService-1] INFO  com.compass.stepdefinitions.LoginSteps - Mobile Category displayed
2024-10-09 10:57:56 [TestNG-PoolService-2] INFO  com.compass.stepdefinitions.LoginSteps - Electronics Category displayed
2024-10-09 10:57:57 [TestNG-PoolService-5] INFO  com.compass.stepdefinitions.LoginSteps - email login displayed
2024-10-09 10:57:58 [TestNG-PoolService-6] INFO  com.compass.stepdefinitions.LoginSteps - Mobile Category displayed
2024-10-09 10:57:58 [TestNG-PoolService-8] INFO  com.compass.stepdefinitions.LoginSteps - Vehicles Category displayed
2024-10-09 10:57:59 [TestNG-PoolService-0] INFO  com.compass.stepdefinitions.LoginSteps - Company Logo displayed
2024-10-09 10:58:05 [TestNG-PoolService-5] INFO  com.compass.stepdefinitions.LoginSteps - username field displayed
2024-10-09 10:58:09 [TestNG-PoolService-0] INFO  com.compass.stepdefinitions.LoginSteps - email login displayed
2024-10-09 10:58:10 [TestNG-PoolService-8] INFO  com.compass.stepdefinitions.LoginSteps - Vehicles product displayed
2024-10-09 10:58:14 [TestNG-PoolService-3] INFO  com.compass.stepdefinitions.LoginSteps - Vehicles product displayed
2024-10-09 10:58:15 [TestNG-PoolService-0] INFO  com.compass.stepdefinitions.LoginSteps - username field displayed
2024-10-09 10:58:16 [TestNG-PoolService-9] INFO  com.compass.stepdefinitions.LoginSteps - Property product displayed
2024-10-09 10:58:21 [TestNG-PoolService-1] INFO  com.compass.stepdefinitions.LoginSteps - Mobile product displayed
2024-10-09 10:58:23 [TestNG-PoolService-2] INFO  com.compass.stepdefinitions.LoginSteps - Electronics product displayed
2024-10-09 10:58:29 [TestNG-PoolService-6] INFO  com.compass.stepdefinitions.LoginSteps - Mobile product displayed
2024-10-09 10:58:29 [TestNG-PoolService-4] INFO  com.compass.stepdefinitions.LoginSteps - Property Category displayed
2024-10-09 10:58:33 [TestNG-PoolService-7] INFO  com.compass.stepdefinitions.LoginSteps - Electronics Category displayed
2024-10-09 10:58:34 [TestNG-PoolService-8] INFO  com.compass.stepdefinitions.LoginSteps - Company Logo displayed
2024-10-09 10:58:44 [TestNG-PoolService-5] INFO  com.compass.stepdefinitions.LoginSteps - Vehicles Category displayed
2024-10-09 10:58:46 [TestNG-PoolService-3] INFO  com.compass.stepdefinitions.LoginSteps - Mobile Category displayed
2024-10-09 10:58:47 [TestNG-PoolService-8] INFO  com.compass.stepdefinitions.LoginSteps - email login displayed
2024-10-09 10:58:50 [TestNG-PoolService-4] INFO  com.compass.stepdefinitions.LoginSteps - Property product displayed
2024-10-09 10:58:52 [TestNG-PoolService-9] INFO  com.compass.stepdefinitions.LoginSteps - Electronics Category displayed
2024-10-09 10:58:52 [TestNG-PoolService-1] INFO  com.compass.stepdefinitions.LoginSteps - Company Logo displayed
2024-10-09 10:58:54 [TestNG-PoolService-8] INFO  com.compass.stepdefinitions.LoginSteps - username field displayed
2024-10-09 10:58:59 [TestNG-PoolService-6] INFO  com.compass.stepdefinitions.LoginSteps - Mobile Category displayed
2024-10-09 10:59:02 [TestNG-PoolService-3] INFO  com.compass.stepdefinitions.LoginSteps - Mobile product displayed
2024-10-09 10:59:02 [TestNG-PoolService-7] INFO  com.compass.stepdefinitions.LoginSteps - Electronics product displayed
2024-10-09 10:59:02 [TestNG-PoolService-1] INFO  com.compass.stepdefinitions.LoginSteps - email login displayed
2024-10-09 10:59:05 [TestNG-PoolService-5] INFO  com.compass.stepdefinitions.LoginSteps - Vehicles product displayed
2024-10-09 10:59:09 [TestNG-PoolService-1] INFO  com.compass.stepdefinitions.LoginSteps - username field displayed
2024-10-09 10:59:13 [TestNG-PoolService-2] INFO  com.compass.stepdefinitions.LoginSteps - Property Category displayed
2024-10-09 10:59:15 [TestNG-PoolService-3] INFO  com.compass.stepdefinitions.LoginSteps - Property Category displayed
2024-10-09 10:59:21 [TestNG-PoolService-0] INFO  com.compass.stepdefinitions.LoginSteps - Electronics Category displayed
2024-10-09 10:59:21 [TestNG-PoolService-6] INFO  com.compass.stepdefinitions.LoginSteps - Mobile product displayed
2024-10-09 10:59:22 [TestNG-PoolService-9] INFO  com.compass.stepdefinitions.LoginSteps - Electronics product displayed
2024-10-09 10:59:23 [TestNG-PoolService-4] INFO  com.compass.stepdefinitions.LoginSteps - Vehicles Category displayed
2024-10-09 10:59:26 [TestNG-PoolService-2] INFO  com.compass.stepdefinitions.LoginSteps - Property product displayed
2024-10-09 10:59:26 [TestNG-PoolService-3] INFO  com.compass.stepdefinitions.LoginSteps - Property product displayed
2024-10-09 10:59:32 [TestNG-PoolService-4] INFO  com.compass.stepdefinitions.LoginSteps - Vehicles product displayed
2024-10-09 10:59:38 [TestNG-PoolService-0] INFO  com.compass.stepdefinitions.LoginSteps - Electronics product displayed
2024-10-09 15:54:47 [TestNG-PoolService-9] INFO  com.compass.stepdefinitions.LoginSteps - Property Category displayed
2024-10-09 15:54:50 [TestNG-PoolService-7] INFO  com.compass.stepdefinitions.LoginSteps - Electronics Category displayed
2024-10-09 15:54:53 [TestNG-PoolService-2] INFO  com.compass.stepdefinitions.LoginSteps - Electronics Category displayed
2024-10-09 15:54:55 [TestNG-PoolService-6] INFO  com.compass.stepdefinitions.LoginSteps - Mobile Category displayed
2024-10-09 15:54:55 [TestNG-PoolService-1] INFO  com.compass.stepdefinitions.LoginSteps - Mobile Category displayed
2024-10-09 15:54:56 [TestNG-PoolService-0] INFO  com.compass.stepdefinitions.LoginSteps - Company Logo displayed
2024-10-09 15:55:00 [TestNG-PoolService-9] INFO  com.compass.stepdefinitions.LoginSteps - Property product displayed
2024-10-09 15:55:01 [TestNG-PoolService-7] INFO  com.compass.stepdefinitions.LoginSteps - Electronics product displayed
2024-10-09 15:55:03 [TestNG-PoolService-4] INFO  com.compass.stepdefinitions.LoginSteps - Property Category displayed
2024-10-09 15:55:06 [TestNG-PoolService-0] INFO  com.compass.stepdefinitions.LoginSteps - email login displayed
2024-10-09 15:55:07 [TestNG-PoolService-5] INFO  com.compass.stepdefinitions.LoginSteps - Company Logo displayed
2024-10-09 15:55:13 [TestNG-PoolService-0] INFO  com.compass.stepdefinitions.LoginSteps - username field displayed
2024-10-09 15:55:14 [TestNG-PoolService-5] INFO  com.compass.stepdefinitions.LoginSteps - email login displayed
2024-10-09 15:55:19 [TestNG-PoolService-6] INFO  com.compass.stepdefinitions.LoginSteps - Mobile product displayed
2024-10-09 15:55:20 [TestNG-PoolService-2] INFO  com.compass.stepdefinitions.LoginSteps - Electronics product displayed
2024-10-09 15:55:21 [TestNG-PoolService-5] INFO  com.compass.stepdefinitions.LoginSteps - username field displayed
2024-10-09 15:55:22 [TestNG-PoolService-1] INFO  com.compass.stepdefinitions.LoginSteps - Mobile product displayed
2024-10-09 15:55:23 [TestNG-PoolService-4] INFO  com.compass.stepdefinitions.LoginSteps - Property product displayed
2024-10-09 15:55:29 [TestNG-PoolService-3] INFO  com.compass.stepdefinitions.LoginSteps - Vehicles Category displayed
2024-10-09 15:55:31 [TestNG-PoolService-9] INFO  com.compass.stepdefinitions.LoginSteps - Mobile Category displayed
2024-10-09 15:55:36 [TestNG-PoolService-8] INFO  com.compass.stepdefinitions.LoginSteps - Vehicles Category displayed
2024-10-09 15:55:37 [TestNG-PoolService-7] INFO  com.compass.stepdefinitions.LoginSteps - Company Logo displayed
2024-10-09 15:55:46 [TestNG-PoolService-1] INFO  com.compass.stepdefinitions.LoginSteps - Property Category displayed
2024-10-09 15:55:47 [TestNG-PoolService-7] INFO  com.compass.stepdefinitions.LoginSteps - email login displayed
2024-10-09 15:55:49 [TestNG-PoolService-6] INFO  com.compass.stepdefinitions.LoginSteps - Electronics Category displayed
2024-10-09 15:55:51 [TestNG-PoolService-8] INFO  com.compass.stepdefinitions.LoginSteps - Vehicles product displayed
2024-10-09 15:55:53 [TestNG-PoolService-7] INFO  com.compass.stepdefinitions.LoginSteps - username field displayed
2024-10-09 15:55:53 [TestNG-PoolService-3] INFO  com.compass.stepdefinitions.LoginSteps - Vehicles product displayed
2024-10-09 15:55:54 [TestNG-PoolService-9] INFO  com.compass.stepdefinitions.LoginSteps - Mobile product displayed
2024-10-09 15:55:55 [TestNG-PoolService-4] INFO  com.compass.stepdefinitions.LoginSteps - Vehicles Category displayed
2024-10-09 15:56:05 [TestNG-PoolService-2] INFO  com.compass.stepdefinitions.LoginSteps - Company Logo displayed
2024-10-09 15:56:11 [TestNG-PoolService-2] INFO  com.compass.stepdefinitions.LoginSteps - email login displayed
2024-10-09 15:56:18 [TestNG-PoolService-2] INFO  com.compass.stepdefinitions.LoginSteps - username field displayed
2024-10-09 15:56:20 [TestNG-PoolService-1] INFO  com.compass.stepdefinitions.LoginSteps - Property product displayed
2024-10-09 15:56:20 [TestNG-PoolService-6] INFO  com.compass.stepdefinitions.LoginSteps - Electronics product displayed
2024-10-09 15:56:22 [TestNG-PoolService-0] INFO  com.compass.stepdefinitions.LoginSteps - Mobile Category displayed
2024-10-09 15:56:23 [TestNG-PoolService-3] INFO  com.compass.stepdefinitions.LoginSteps - Property Category displayed
2024-10-09 15:56:26 [TestNG-PoolService-5] INFO  com.compass.stepdefinitions.LoginSteps - Electronics Category displayed
2024-10-09 15:56:26 [TestNG-PoolService-8] INFO  com.compass.stepdefinitions.LoginSteps - Vehicles Category displayed
2024-10-09 15:56:29 [TestNG-PoolService-4] INFO  com.compass.stepdefinitions.LoginSteps - Vehicles product displayed
2024-10-09 15:56:37 [TestNG-PoolService-5] INFO  com.compass.stepdefinitions.LoginSteps - Electronics product displayed
2024-10-09 15:56:37 [TestNG-PoolService-8] INFO  com.compass.stepdefinitions.LoginSteps - Vehicles product displayed
2024-10-09 15:56:39 [TestNG-PoolService-3] INFO  com.compass.stepdefinitions.LoginSteps - Property product displayed
2024-10-09 15:56:44 [TestNG-PoolService-0] INFO  com.compass.stepdefinitions.LoginSteps - Mobile product displayed
2024-10-09 16:02:48 [TestNG-PoolService-9] INFO  com.compass.stepdefinitions.LoginSteps - Property Category displayed
2024-10-09 16:02:50 [TestNG-PoolService-1] INFO  com.compass.stepdefinitions.LoginSteps - Mobile Category displayed
2024-10-09 16:02:51 [TestNG-PoolService-2] INFO  com.compass.stepdefinitions.LoginSteps - Electronics Category displayed
2024-10-09 16:02:57 [TestNG-PoolService-0] INFO  com.compass.stepdefinitions.LoginSteps - Company Logo displayed
2024-10-09 16:03:00 [TestNG-PoolService-8] INFO  com.compass.stepdefinitions.LoginSteps - Vehicles Category displayed
2024-10-09 16:03:01 [TestNG-PoolService-3] INFO  com.compass.stepdefinitions.LoginSteps - Vehicles Category displayed
2024-10-09 16:03:04 [TestNG-PoolService-5] INFO  com.compass.stepdefinitions.LoginSteps - Company Logo displayed
2024-10-09 16:03:05 [TestNG-PoolService-0] INFO  com.compass.stepdefinitions.LoginSteps - email login displayed
2024-10-09 16:03:05 [TestNG-PoolService-7] INFO  com.compass.stepdefinitions.LoginSteps - Electronics Category displayed
2024-10-09 16:03:09 [TestNG-PoolService-1] INFO  com.compass.stepdefinitions.LoginSteps - Mobile product displayed
2024-10-09 16:03:11 [TestNG-PoolService-5] INFO  com.compass.stepdefinitions.LoginSteps - email login displayed
2024-10-09 16:03:11 [TestNG-PoolService-0] INFO  com.compass.stepdefinitions.LoginSteps - username field displayed
2024-10-09 16:03:14 [TestNG-PoolService-3] INFO  com.compass.stepdefinitions.LoginSteps - Vehicles product displayed
2024-10-09 16:03:14 [TestNG-PoolService-9] INFO  com.compass.stepdefinitions.LoginSteps - Property product displayed
2024-10-09 16:03:17 [TestNG-PoolService-5] INFO  com.compass.stepdefinitions.LoginSteps - username field displayed
2024-10-09 16:03:20 [TestNG-PoolService-2] INFO  com.compass.stepdefinitions.LoginSteps - Electronics product displayed
2024-10-09 16:03:27 [TestNG-PoolService-8] INFO  com.compass.stepdefinitions.LoginSteps - Vehicles product displayed
2024-10-09 16:03:27 [TestNG-PoolService-7] INFO  com.compass.stepdefinitions.LoginSteps - Electronics product displayed
2024-10-09 16:03:30 [TestNG-PoolService-4] INFO  com.compass.stepdefinitions.LoginSteps - Property Category displayed
2024-10-09 16:03:34 [TestNG-PoolService-3] INFO  com.compass.stepdefinitions.LoginSteps - Company Logo displayed
2024-10-09 16:03:36 [TestNG-PoolService-6] INFO  com.compass.stepdefinitions.LoginSteps - Mobile Category displayed
2024-10-09 16:03:39 [TestNG-PoolService-9] INFO  com.compass.stepdefinitions.LoginSteps - Mobile Category displayed
2024-10-09 16:03:42 [TestNG-PoolService-3] INFO  com.compass.stepdefinitions.LoginSteps - email login displayed
2024-10-09 16:03:42 [TestNG-PoolService-2] INFO  com.compass.stepdefinitions.LoginSteps - Vehicles Category displayed
2024-10-09 16:03:50 [TestNG-PoolService-3] INFO  com.compass.stepdefinitions.LoginSteps - username field displayed
2024-10-09 16:03:51 [TestNG-PoolService-4] INFO  com.compass.stepdefinitions.LoginSteps - Property product displayed
2024-10-09 16:03:56 [TestNG-PoolService-0] INFO  com.compass.stepdefinitions.LoginSteps - Property Category displayed
2024-10-09 16:04:04 [TestNG-PoolService-5] INFO  com.compass.stepdefinitions.LoginSteps - Company Logo displayed
2024-10-09 16:04:10 [TestNG-PoolService-9] INFO  com.compass.stepdefinitions.LoginSteps - Mobile product displayed
2024-10-09 16:04:11 [TestNG-PoolService-5] INFO  com.compass.stepdefinitions.LoginSteps - email login displayed
2024-10-09 16:04:11 [TestNG-PoolService-0] INFO  com.compass.stepdefinitions.LoginSteps - Property product displayed
2024-10-09 16:04:13 [TestNG-PoolService-6] INFO  com.compass.stepdefinitions.LoginSteps - Mobile product displayed
2024-10-09 16:04:17 [TestNG-PoolService-5] INFO  com.compass.stepdefinitions.LoginSteps - username field displayed
2024-10-09 16:04:20 [TestNG-PoolService-8] INFO  com.compass.stepdefinitions.LoginSteps - Mobile Category displayed
2024-10-09 16:04:20 [TestNG-PoolService-2] INFO  com.compass.stepdefinitions.LoginSteps - Vehicles product displayed
2024-10-09 16:04:25 [TestNG-PoolService-1] INFO  com.compass.stepdefinitions.LoginSteps - Electronics Category displayed
2024-10-09 16:04:28 [TestNG-PoolService-3] INFO  com.compass.stepdefinitions.LoginSteps - Property Category displayed
2024-10-09 16:04:28 [TestNG-PoolService-7] INFO  com.compass.stepdefinitions.LoginSteps - Electronics Category displayed
2024-10-09 16:04:30 [TestNG-PoolService-4] INFO  com.compass.stepdefinitions.LoginSteps - Vehicles Category displayed
2024-10-09 16:04:36 [TestNG-PoolService-1] INFO  com.compass.stepdefinitions.LoginSteps - Electronics product displayed
2024-10-09 16:04:39 [TestNG-PoolService-3] INFO  com.compass.stepdefinitions.LoginSteps - Property product displayed
2024-10-09 16:04:41 [TestNG-PoolService-8] INFO  com.compass.stepdefinitions.LoginSteps - Mobile product displayed
2024-10-09 16:04:51 [TestNG-PoolService-7] INFO  com.compass.stepdefinitions.LoginSteps - Electronics product displayed
2024-10-09 16:04:53 [TestNG-PoolService-4] INFO  com.compass.stepdefinitions.LoginSteps - Vehicles product displayed
2024-10-09 16:13:19 [TestNG-PoolService-3] INFO  com.compass.stepdefinitions.LoginSteps - Vehicles Category displayed
2024-10-09 16:13:20 [TestNG-PoolService-9] INFO  com.compass.stepdefinitions.LoginSteps - Property Category displayed
2024-10-09 16:13:20 [TestNG-PoolService-8] INFO  com.compass.stepdefinitions.LoginSteps - Vehicles Category displayed
2024-10-09 16:13:22 [TestNG-PoolService-4] INFO  com.compass.stepdefinitions.LoginSteps - Property Category displayed
2024-10-09 16:13:23 [TestNG-PoolService-1] INFO  com.compass.stepdefinitions.LoginSteps - Mobile Category displayed
2024-10-09 16:13:24 [TestNG-PoolService-7] INFO  com.compass.stepdefinitions.LoginSteps - Electronics Category displayed
2024-10-09 16:13:25 [TestNG-PoolService-0] INFO  com.compass.stepdefinitions.LoginSteps - Company Logo displayed
2024-10-09 16:13:39 [TestNG-PoolService-6] INFO  com.compass.stepdefinitions.LoginSteps - Mobile Category displayed
2024-10-09 16:13:42 [TestNG-PoolService-2] INFO  com.compass.stepdefinitions.LoginSteps - Electronics Category displayed
2024-10-09 16:13:42 [TestNG-PoolService-0] INFO  com.compass.stepdefinitions.LoginSteps - email login displayed
2024-10-09 16:13:49 [TestNG-PoolService-0] INFO  com.compass.stepdefinitions.LoginSteps - username field displayed
2024-10-09 16:13:50 [TestNG-PoolService-3] INFO  com.compass.stepdefinitions.LoginSteps - Vehicles product displayed
2024-10-09 16:13:51 [TestNG-PoolService-8] INFO  com.compass.stepdefinitions.LoginSteps - Vehicles product displayed
2024-10-09 16:13:55 [TestNG-PoolService-5] INFO  com.compass.stepdefinitions.LoginSteps - Company Logo displayed
2024-10-09 16:13:57 [TestNG-PoolService-6] INFO  com.compass.stepdefinitions.LoginSteps - Mobile product displayed
2024-10-09 16:13:57 [TestNG-PoolService-7] INFO  com.compass.stepdefinitions.LoginSteps - Electronics product displayed
2024-10-09 16:14:02 [TestNG-PoolService-5] INFO  com.compass.stepdefinitions.LoginSteps - email login displayed
2024-10-09 16:14:05 [TestNG-PoolService-9] INFO  com.compass.stepdefinitions.LoginSteps - Property product displayed
2024-10-09 16:14:07 [TestNG-PoolService-1] INFO  com.compass.stepdefinitions.LoginSteps - Mobile product displayed
2024-10-09 16:14:08 [TestNG-PoolService-4] INFO  com.compass.stepdefinitions.LoginSteps - Property product displayed
2024-10-09 16:14:08 [TestNG-PoolService-2] INFO  com.compass.stepdefinitions.LoginSteps - Electronics product displayed
2024-10-09 16:14:09 [TestNG-PoolService-5] INFO  com.compass.stepdefinitions.LoginSteps - username field displayed
2024-10-09 16:14:15 [TestNG-PoolService-0] INFO  com.compass.stepdefinitions.LoginSteps - Property Category displayed
2024-10-09 16:14:16 [TestNG-PoolService-8] INFO  com.compass.stepdefinitions.LoginSteps - Vehicles Category displayed
2024-10-09 16:14:18 [TestNG-PoolService-3] INFO  com.compass.stepdefinitions.LoginSteps - Mobile Category displayed
2024-10-09 16:14:20 [TestNG-PoolService-6] INFO  com.compass.stepdefinitions.LoginSteps - Company Logo displayed
2024-10-09 16:14:29 [TestNG-PoolService-6] INFO  com.compass.stepdefinitions.LoginSteps - email login displayed
2024-10-09 16:14:31 [TestNG-PoolService-7] INFO  com.compass.stepdefinitions.LoginSteps - Electronics Category displayed
2024-10-09 16:14:31 [TestNG-PoolService-1] INFO  com.compass.stepdefinitions.LoginSteps - Mobile Category displayed
2024-10-09 16:14:31 [TestNG-PoolService-4] INFO  com.compass.stepdefinitions.LoginSteps - Company Logo displayed
2024-10-09 16:14:35 [TestNG-PoolService-6] INFO  com.compass.stepdefinitions.LoginSteps - username field displayed
2024-10-09 16:14:37 [TestNG-PoolService-0] INFO  com.compass.stepdefinitions.LoginSteps - Property product displayed
2024-10-09 16:14:38 [TestNG-PoolService-4] INFO  com.compass.stepdefinitions.LoginSteps - email login displayed
2024-10-09 16:14:41 [TestNG-PoolService-2] INFO  com.compass.stepdefinitions.LoginSteps - Electronics Category displayed
2024-10-09 16:14:41 [TestNG-PoolService-3] INFO  com.compass.stepdefinitions.LoginSteps - Mobile product displayed
2024-10-09 16:14:45 [TestNG-PoolService-4] INFO  com.compass.stepdefinitions.LoginSteps - username field displayed
2024-10-09 16:14:45 [TestNG-PoolService-8] INFO  com.compass.stepdefinitions.LoginSteps - Vehicles product displayed
2024-10-09 16:15:00 [TestNG-PoolService-9] INFO  com.compass.stepdefinitions.LoginSteps - Property Category displayed
2024-10-09 16:15:04 [TestNG-PoolService-5] INFO  com.compass.stepdefinitions.LoginSteps - Vehicles Category displayed
2024-10-09 16:15:07 [TestNG-PoolService-1] INFO  com.compass.stepdefinitions.LoginSteps - Mobile product displayed
2024-10-09 16:15:07 [TestNG-PoolService-7] INFO  com.compass.stepdefinitions.LoginSteps - Electronics product displayed
2024-10-09 16:15:14 [TestNG-PoolService-2] INFO  com.compass.stepdefinitions.LoginSteps - Electronics product displayed
2024-10-09 16:15:15 [TestNG-PoolService-5] INFO  com.compass.stepdefinitions.LoginSteps - Vehicles product displayed
2024-10-09 16:15:25 [TestNG-PoolService-9] INFO  com.compass.stepdefinitions.LoginSteps - Property product displayed
2024-10-11 12:54:29 [TestNG-PoolService-3] INFO  com.compass.stepdefinitions.LoginSteps - Vehicles Category displayed
2024-10-11 12:54:32 [TestNG-PoolService-4] INFO  com.compass.stepdefinitions.LoginSteps - Property Category displayed
2024-10-11 12:54:33 [TestNG-PoolService-1] INFO  com.compass.stepdefinitions.LoginSteps - Mobile Category displayed
2024-10-11 12:54:34 [TestNG-PoolService-5] INFO  com.compass.stepdefinitions.LoginSteps - Company Logo displayed
2024-10-11 12:54:35 [TestNG-PoolService-2] INFO  com.compass.stepdefinitions.LoginSteps - Electronics Category displayed
2024-10-11 12:54:35 [TestNG-PoolService-9] INFO  com.compass.stepdefinitions.LoginSteps - Property Category displayed
2024-10-11 12:54:35 [TestNG-PoolService-0] INFO  com.compass.stepdefinitions.LoginSteps - Company Logo displayed
2024-10-11 12:54:36 [TestNG-PoolService-7] INFO  com.compass.stepdefinitions.LoginSteps - Electronics Category displayed
2024-10-11 12:54:41 [TestNG-PoolService-5] INFO  com.compass.stepdefinitions.LoginSteps - email login displayed
2024-10-11 12:54:45 [TestNG-PoolService-0] INFO  com.compass.stepdefinitions.LoginSteps - email login displayed
2024-10-11 12:54:46 [TestNG-PoolService-3] INFO  com.compass.stepdefinitions.LoginSteps - Vehicles product displayed
2024-10-11 12:54:48 [TestNG-PoolService-5] INFO  com.compass.stepdefinitions.LoginSteps - username field displayed
2024-10-11 12:54:51 [TestNG-PoolService-0] INFO  com.compass.stepdefinitions.LoginSteps - username field displayed
2024-10-11 12:54:58 [TestNG-PoolService-4] INFO  com.compass.stepdefinitions.LoginSteps - Property product displayed
2024-10-11 12:55:01 [TestNG-PoolService-1] INFO  com.compass.stepdefinitions.LoginSteps - Mobile product displayed
2024-10-11 12:55:01 [TestNG-PoolService-9] INFO  com.compass.stepdefinitions.LoginSteps - Property product displayed
2024-10-11 12:55:08 [TestNG-PoolService-8] INFO  com.compass.stepdefinitions.LoginSteps - Vehicles Category displayed
2024-10-11 12:55:13 [TestNG-PoolService-2] INFO  com.compass.stepdefinitions.LoginSteps - Electronics product displayed
2024-10-11 12:55:13 [TestNG-PoolService-3] INFO  com.compass.stepdefinitions.LoginSteps - Company Logo displayed
2024-10-11 12:55:16 [TestNG-PoolService-4] INFO  com.compass.stepdefinitions.LoginSteps - Mobile Category displayed
2024-10-11 12:55:20 [TestNG-PoolService-7] INFO  com.compass.stepdefinitions.LoginSteps - Electronics product displayed
2024-10-11 12:55:22 [TestNG-PoolService-0] INFO  com.compass.stepdefinitions.LoginSteps - Property Category displayed
2024-10-11 12:55:24 [TestNG-PoolService-3] INFO  com.compass.stepdefinitions.LoginSteps - email login displayed
2024-10-11 12:55:31 [TestNG-PoolService-3] INFO  com.compass.stepdefinitions.LoginSteps - username field displayed
2024-10-11 12:55:33 [TestNG-PoolService-6] INFO  com.compass.stepdefinitions.LoginSteps - Mobile Category displayed
2024-10-11 12:55:34 [TestNG-PoolService-8] INFO  com.compass.stepdefinitions.LoginSteps - Vehicles product displayed
2024-10-11 12:55:38 [TestNG-PoolService-9] INFO  com.compass.stepdefinitions.LoginSteps - Company Logo displayed
2024-10-11 12:55:39 [TestNG-PoolService-1] INFO  com.compass.stepdefinitions.LoginSteps - Vehicles Category displayed
2024-10-11 12:55:42 [TestNG-PoolService-4] INFO  com.compass.stepdefinitions.LoginSteps - Mobile product displayed
2024-10-11 12:55:45 [TestNG-PoolService-9] INFO  com.compass.stepdefinitions.LoginSteps - email login displayed
2024-10-11 12:55:51 [TestNG-PoolService-9] INFO  com.compass.stepdefinitions.LoginSteps - username field displayed
2024-10-11 12:55:53 [TestNG-PoolService-6] INFO  com.compass.stepdefinitions.LoginSteps - Mobile product displayed
2024-10-11 12:55:53 [TestNG-PoolService-0] INFO  com.compass.stepdefinitions.LoginSteps - Property product displayed
2024-10-11 12:55:54 [TestNG-PoolService-5] INFO  com.compass.stepdefinitions.LoginSteps - Electronics Category displayed
2024-10-11 12:55:55 [TestNG-PoolService-2] INFO  com.compass.stepdefinitions.LoginSteps - Mobile Category displayed
2024-10-11 12:56:03 [TestNG-PoolService-1] INFO  com.compass.stepdefinitions.LoginSteps - Vehicles product displayed
2024-10-11 12:56:07 [TestNG-PoolService-4] INFO  com.compass.stepdefinitions.LoginSteps - Property Category displayed
2024-10-11 12:56:08 [TestNG-PoolService-7] INFO  com.compass.stepdefinitions.LoginSteps - Electronics Category displayed
2024-10-11 12:56:11 [TestNG-PoolService-8] INFO  com.compass.stepdefinitions.LoginSteps - Vehicles Category displayed
2024-10-11 12:56:13 [TestNG-PoolService-5] INFO  com.compass.stepdefinitions.LoginSteps - Electronics product displayed
2024-10-11 12:56:20 [TestNG-PoolService-2] INFO  com.compass.stepdefinitions.LoginSteps - Mobile product displayed
2024-10-11 12:56:21 [TestNG-PoolService-7] INFO  com.compass.stepdefinitions.LoginSteps - Electronics product displayed
2024-10-11 12:56:26 [TestNG-PoolService-4] INFO  com.compass.stepdefinitions.LoginSteps - Property product displayed
2024-10-11 12:56:27 [TestNG-PoolService-8] INFO  com.compass.stepdefinitions.LoginSteps - Vehicles product displayed
